<?xml version="1.0" encoding="UTF-8"?>
<testsuite name="ohtu.verkkokauppa.KauppaTest" tests="7" skipped="0" failures="0" errors="0" timestamp="2018-11-25T17:58:30" hostname="CLAUDIUS_I" time="0.028">
  <properties/>
  <testcase name="asiointiSujuuKahdellaSamallaTuotteella" classname="ohtu.verkkokauppa.KauppaTest" time="0.022"/>
  <testcase name="pyydetaanUusiViiteJokaiseenMaksuun" classname="ohtu.verkkokauppa.KauppaTest" time="0.001"/>
  <testcase name="asiointiSujuuKahdellaEriTuotteella" classname="ohtu.verkkokauppa.KauppaTest" time="0.001"/>
  <testcase name="asiointiSujuuKunToinenTuoteOnLoppu" classname="ohtu.verkkokauppa.KauppaTest" time="0.001"/>
  <testcase name="ostoksenPaaytyttyaPankinMetodiaTilisiirtoKutsutaan" classname="ohtu.verkkokauppa.KauppaTest" time="0.0"/>
  <testcase name="poistaKoristaToimii" classname="ohtu.verkkokauppa.KauppaTest" time="0.001"/>
  <testcase name="aloitaAsiointiNollaaEdellisenOstoksenTiedot" classname="ohtu.verkkokauppa.KauppaTest" time="0.001"/>
  <system-out><![CDATA[]]></system-out>
  <system-err><![CDATA[]]></system-err>
</testsuite>
